Removed Pin From Net: NetName=3.3V Pin=C1-1
Removed Pin From Net: NetName=3.3V Pin=C4-1
Removed Pin From Net: NetName=3.3V Pin=C6-1
Removed Pin From Net: NetName=3.3V Pin=C11-2
Removed Pin From Net: NetName=3.3V Pin=C12-2
Removed Pin From Net: NetName=3.3V Pin=C13-1
Removed Pin From Net: NetName=3.3V Pin=D1-A
Removed Pin From Net: NetName=3.3V Pin=D2-A
Removed Pin From Net: NetName=3.3V Pin=J28-2
Removed Pin From Net: NetName=3.3V Pin=J29-1
Removed Pin From Net: NetName=3.3V Pin=J30-2
Removed Pin From Net: NetName=3.3V Pin=U1-1
Removed Pin From Net: NetName=3.3V Pin=U1-8
Removed Pin From Net: NetName=3.3V Pin=U1-10
Removed Pin From Net: NetName=3.3V Pin=U2-11
Removed Pin From Net: NetName=3.3V Pin=U2-12
Removed Pin From Net: NetName=3.3V Pin=U3-11
Removed Pin From Net: NetName=3.3V Pin=U3-12
Removed Pin From Net: NetName=3.3V Pin=U4-3
Removed Pin From Net: NetName=3.3V Pin=U4-17
Removed Pin From Net: NetName=3.3V Pin=U5-3
Removed Pin From Net: NetName=3.3V Pin=U6-2
Removed Pin From Net: NetName=3.3V Pin=U6-3
Removed Pin From Net: NetName=3.3V Pin=U6-20
Removed Pin From Net: NetName=3.3V Pin=U7-2
Removed Pin From Net: NetName=3.3V Pin=U7-3
Removed Pin From Net: NetName=3.3V Pin=U7-5
Removed Pin From Net: NetName=3.3V Pin=U7-8
Change Net Name : Old Net Name=3.3V New Net Name=GND
Added Pin To Net: NetName=3.3V Pin=C1-1
Added Pin To Net: NetName=3.3V Pin=C4-1
Added Pin To Net: NetName=3.3V Pin=C6-1
Added Pin To Net: NetName=3.3V Pin=C11-2
Added Pin To Net: NetName=3.3V Pin=C12-2
Added Pin To Net: NetName=3.3V Pin=C13-1
Added Pin To Net: NetName=3.3V Pin=D1-A
Added Pin To Net: NetName=3.3V Pin=D2-A
Added Pin To Net: NetName=3.3V Pin=J28-2
Added Pin To Net: NetName=3.3V Pin=J29-1
Added Pin To Net: NetName=3.3V Pin=J30-2
Added Pin To Net: NetName=3.3V Pin=U1-1
Added Pin To Net: NetName=3.3V Pin=U1-8
Added Pin To Net: NetName=3.3V Pin=U1-10
Added Pin To Net: NetName=3.3V Pin=U2-11
Added Pin To Net: NetName=3.3V Pin=U2-12
Added Pin To Net: NetName=3.3V Pin=U3-11
Added Pin To Net: NetName=3.3V Pin=U3-12
Added Pin To Net: NetName=3.3V Pin=U4-3
Added Pin To Net: NetName=3.3V Pin=U4-17
Added Pin To Net: NetName=3.3V Pin=U5-3
Added Pin To Net: NetName=3.3V Pin=U6-2
Added Pin To Net: NetName=3.3V Pin=U6-3
Added Pin To Net: NetName=3.3V Pin=U6-20
Added Pin To Net: NetName=3.3V Pin=U7-2
Added Pin To Net: NetName=3.3V Pin=U7-3
Added Pin To Net: NetName=3.3V Pin=U7-5
Added Pin To Net: NetName=3.3V Pin=U7-8
Added Net: Name=3.3V
